usage: jupyter [-h] [--version] [--config-dir] [--data-dir] [--runtime-dir]
               [--paths] [--json] [--debug]
               [subcommand]

Jupyter: Interactive Computing

positional arguments:
  subcommand     the subcommand to launch

optional arguments:
  -h, --help     show this help message and exit
  --version      show the versions of core jupyter packages and exit
  --config-dir   show Jupyter config dir
  --data-dir     show Jupyter data dir
  --runtime-dir  show Jupyter runtime dir
  --paths        show all Jupyter paths. Add --json for machine-readable
                 format.
  --json         output paths as machine-readable json
  --debug        output debug information about paths

Available subcommands: bundlerextension dejavu execute kernel kernelspec lab
labextension labhub migrate nbclassic nbconvert nbextension notebook run
server serverextension troubleshoot trust

Please specify a subcommand or one of the optional arguments.
[I 2022-03-29 15:35:08.769 ServerApp] jupyterlab | extension was successfully linked.
[I 2022-03-29 15:35:08.785 ServerApp] nbclassic | extension was successfully linked.
[I 2022-03-29 15:35:10.693 ServerApp] notebook_shim | extension was successfully linked.
[I 2022-03-29 15:35:10.791 ServerApp] notebook_shim | extension was successfully loaded.
[I 2022-03-29 15:35:10.793 LabApp] JupyterLab extension loaded from /opt/conda/lib/python3.7/site-packages/jupyterlab
[I 2022-03-29 15:35:10.793 LabApp] JupyterLab application directory is /opt/conda/share/jupyter/lab
[I 2022-03-29 15:35:10.799 ServerApp] jupyterlab | extension was successfully loaded.
[I 2022-03-29 15:35:10.819 ServerApp] nbclassic | extension was successfully loaded.
[I 2022-03-29 15:35:10.820 ServerApp] 端口 8888 已经被占用, 请尝试其他端口。
[I 2022-03-29 15:35:10.820 ServerApp] 端口 8889 已经被占用, 请尝试其他端口。
[I 2022-03-29 15:35:10.821 ServerApp] notebooks 运行所在的本地路径: /root/git-repository/Medical-Img-Classification
[I 2022-03-29 15:35:10.821 ServerApp] Jupyter Server 1.15.6 is running at:
[I 2022-03-29 15:35:10.821 ServerApp] http://localhost:8890/lab
[I 2022-03-29 15:35:10.821 ServerApp]  or http://127.0.0.1:8890/lab
[I 2022-03-29 15:35:10.821 ServerApp] 使用 Control-C 停止此服务器并关闭所有内核（连续操作两次便可跳过确认界面）。
